# JRE version: OpenJDK Runtime Environment (11.0.8+10) (build 11.0.8+10-b944.6842174)
# Java VM: OpenJDK 64-Bit Server VM (11.0.8+10-b944.6842174, mixed mode, tiered, compressed oops, g1 gc, windows-amd64)
Heap:
 garbage-first heap   total 126976K, used 68731K [0x00000000c0000000, 0x0000000100000000)
  region size 1024K, 32 young (32768K), 5 survivors (5120K)
 Metaspace       used 44001K, capacity 45070K, committed 45308K, reserved 1089536K
  class space    used 5517K, capacity 5892K, committed 6016K, reserved 1048576K
GC Heap History (14 events):
Event: 1.342 GC heap before
{Heap before GC invocations=0 (full 0):
 garbage-first heap   total 126976K, used 29696K [0x00000000c0000000, 0x0000000100000000)
  region size 1024K, 24 young (24576K), 0 survivors (0K)
 Metaspace       used 10714K, capacity 10938K, committed 11264K, reserved 1058816K
  class space    used 1132K, capacity 1202K, committed 1280K, reserved 1048576K
}
Event: 1.350 GC heap after
{Heap after GC invocations=1 (full 0):
 garbage-first heap   total 126976K, used 8648K [0x00000000c0000000, 0x0000000100000000)
  region size 1024K, 3 young (3072K), 3 survivors (3072K)
 Metaspace       used 10714K, capacity 10938K, committed 11264K, reserved 1058816K
  class space    used 1132K, capacity 1202K, committed 1280K, reserved 1048576K
}
Event: 5.605 GC heap before
{Heap before GC invocations=1 (full 0):
 garbage-first heap   total 126976K, used 80328K [0x00000000c0000000, 0x0000000100000000)
  region size 1024K, 74 young (75776K), 3 survivors (3072K)
 Metaspace       used 18960K, capacity 19328K, committed 19584K, reserved 1067008K
  class space    used 2287K, capacity 2405K, committed 2432K, reserved 1048576K
}
Event: 5.650 GC heap after
{Heap after GC invocations=2 (full 0):
 garbage-first heap   total 126976K, used 15803K [0x00000000c0000000, 0x0000000100000000)
  region size 1024K, 10 young (10240K), 10 survivors (10240K)
 Metaspace       used 18960K, capacity 19328K, committed 19584K, reserved 1067008K
  class space    used 2287K, capacity 2405K, committed 2432K, reserved 1048576K
}
Event: 6.021 GC heap before
{Heap before GC invocations=2 (full 0):
 garbage-first heap   total 126976K, used 26043K [0x00000000c0000000, 0x0000000100000000)
  region size 1024K, 22 young (22528K), 10 survivors (10240K)
 Metaspace       used 20615K, capacity 21123K, committed 21296K, reserved 1069056K
  class space    used 2518K, capacity 2688K, committed 2688K, reserved 1048576K
}
Event: 6.032 GC heap after
{Heap after GC invocations=3 (full 0):
 garbage-first heap   total 126976K, used 16299K [0x00000000c0000000, 0x0000000100000000)
  region size 1024K, 1 young (1024K), 1 survivors (1024K)
 Metaspace       used 20615K, capacity 21123K, committed 21296K, reserved 1069056K
  class space    used 2518K, capacity 2688K, committed 2688K, reserved 1048576K
}
Event: 7.522 GC heap before
{Heap before GC invocations=4 (full 0):
 garbage-first heap   total 126976K, used 60331K [0x00000000c0000000, 0x0000000100000000)
  region size 1024K, 45 young (46080K), 1 survivors (1024K)
 Metaspace       used 25873K, capacity 26573K, committed 26928K, reserved 1073152K
  class space    used 3368K, capacity 3594K, committed 3712K, reserved 1048576K
}
Event: 7.525 GC heap after
{Heap after GC invocations=5 (full 0):
 garbage-first heap   total 126976K, used 18157K [0x00000000c0000000, 0x0000000100000000)
  region size 1024K, 3 young (3072K), 3 survivors (3072K)
 Metaspace       used 25873K, capacity 26573K, committed 26928K, reserved 1073152K
  class space    used 3368K, capacity 3594K, committed 3712K, reserved 1048576K
}
Event: 8.659 GC heap before
{Heap before GC invocations=5 (full 0):
 garbage-first heap   total 126976K, used 76525K [0x00000000c0000000, 0x0000000100000000)
  region size 1024K, 52 young (53248K), 3 survivors (3072K)
 Metaspace       used 31875K, capacity 32635K, committed 32944K, reserved 1077248K
  class space    used 4245K, capacity 4505K, committed 4608K, reserved 1048576K
}
Event: 8.663 GC heap after
{Heap after GC invocations=6 (full 0):
 garbage-first heap   total 126976K, used 31311K [0x00000000c0000000, 0x0000000100000000)
  region size 1024K, 7 young (7168K), 7 survivors (7168K)
 Metaspace       used 31875K, capacity 32635K, committed 32944K, reserved 1077248K
  class space    used 4245K, capacity 4505K, committed 4608K, reserved 1048576K
}
Event: 8.851 GC heap before
{Heap before GC invocations=6 (full 0):
 garbage-first heap   total 126976K, used 37455K [0x00000000c0000000, 0x0000000100000000)
  region size 1024K, 15 young (15360K), 7 survivors (7168K)
 Metaspace       used 34882K, capacity 35622K, committed 35708K, reserved 1081344K
  class space    used 4528K, capacity 4798K, committed 4864K, reserved 1048576K
}
Event: 8.858 GC heap after
{Heap after GC invocations=7 (full 0):
 garbage-first heap   total 126976K, used 32768K [0x00000000c0000000, 0x0000000100000000)
  region size 1024K, 2 young (2048K), 2 survivors (2048K)
 Metaspace       used 34882K, capacity 35622K, committed 35708K, reserved 1081344K
  class space    used 4528K, capacity 4798K, committed 4864K, reserved 1048576K
}
Event: 9.773 GC heap before
{Heap before GC invocations=8 (full 0):
 garbage-first heap   total 126976K, used 88064K [0x00000000c0000000, 0x0000000100000000)
  region size 1024K, 50 young (51200K), 2 survivors (2048K)
 Metaspace       used 41021K, capacity 41954K, committed 42236K, reserved 1085440K
  class space    used 5266K, capacity 5633K, committed 5760K, reserved 1048576K
}
Event: 9.777 GC heap after
{Heap after GC invocations=9 (full 0):
 garbage-first heap   total 126976K, used 40059K [0x00000000c0000000, 0x0000000100000000)
  region size 1024K, 5 young (5120K), 5 survivors (5120K)
 Metaspace       used 41021K, capacity 41954K, committed 42236K, reserved 1085440K
  class space    used 5266K, capacity 5633K, committed 5760K, reserved 1048576K
}

